C:\USERS\TEO\DOCUMENTS\VISUAL STUDIO 2012\PROJECTS\OPENGL\DEBUG\MAIN.OBJ
C:\USERS\TEO\DOCUMENTS\VISUAL STUDIO 2012\PROJECTS\OPENGL\DEBUG\VC110.PDB
C:\USERS\TEO\DOCUMENTS\VISUAL STUDIO 2012\PROJECTS\OPENGL\DEBUG\PRACTICA1.OBJ
C:\USERS\TEO\DOCUMENTS\VISUAL STUDIO 2012\PROJECTS\OPENGL\DEBUG\CUBO.OBJ
C:\Users\Teo\Documents\Visual Studio 2012\Projects\openGl\Debug\cubo.obj
C:\Users\Teo\Documents\Visual Studio 2012\Projects\openGl\Debug\main.obj
C:\Users\Teo\Documents\Visual Studio 2012\Projects\openGl\Debug\practica1.obj
C:\Users\Teo\Documents\Visual Studio 2012\Projects\openGl\Debug\cl.command.1.tlog
C:\Users\Teo\Documents\Visual Studio 2012\Projects\openGl\Debug\CL.read.1.tlog
C:\Users\Teo\Documents\Visual Studio 2012\Projects\openGl\Debug\CL.write.1.tlog
C:\Users\Teo\Documents\Visual Studio 2012\Projects\openGl\Debug\link-cvtres.read.1.tlog
C:\Users\Teo\Documents\Visual Studio 2012\Projects\openGl\Debug\link-cvtres.write.1.tlog
C:\Users\Teo\Documents\Visual Studio 2012\Projects\openGl\Debug\link-rc.read.1.tlog
C:\Users\Teo\Documents\Visual Studio 2012\Projects\openGl\Debug\link-rc.write.1.tlog
C:\Users\Teo\Documents\Visual Studio 2012\Projects\openGl\Debug\link.3048-cvtres.read.1.tlog
C:\Users\Teo\Documents\Visual Studio 2012\Projects\openGl\Debug\link.3048-cvtres.write.1.tlog
C:\Users\Teo\Documents\Visual Studio 2012\Projects\openGl\Debug\link.3048-rc.read.1.tlog
C:\Users\Teo\Documents\Visual Studio 2012\Projects\openGl\Debug\link.3048-rc.write.1.tlog
C:\Users\Teo\Documents\Visual Studio 2012\Projects\openGl\Debug\link.3048.read.1.tlog
C:\Users\Teo\Documents\Visual Studio 2012\Projects\openGl\Debug\link.3048.write.1.tlog
C:\Users\Teo\Documents\Visual Studio 2012\Projects\openGl\Debug\link.892-cvtres.read.1.tlog
C:\Users\Teo\Documents\Visual Studio 2012\Projects\openGl\Debug\link.892-cvtres.write.1.tlog
C:\Users\Teo\Documents\Visual Studio 2012\Projects\openGl\Debug\link.892-rc.read.1.tlog
C:\Users\Teo\Documents\Visual Studio 2012\Projects\openGl\Debug\link.892-rc.write.1.tlog
C:\Users\Teo\Documents\Visual Studio 2012\Projects\openGl\Debug\link.892.read.1.tlog
C:\Users\Teo\Documents\Visual Studio 2012\Projects\openGl\Debug\link.892.write.1.tlog
C:\Users\Teo\Documents\Visual Studio 2012\Projects\openGl\Debug\link.command.1.tlog
C:\Users\Teo\Documents\Visual Studio 2012\Projects\openGl\Debug\link.read.1.tlog
C:\Users\Teo\Documents\Visual Studio 2012\Projects\openGl\Debug\link.write.1.tlog
C:\Users\Teo\Documents\Visual Studio 2012\Projects\openGl\Debug\vc110.idb
C:\Users\Teo\Documents\Visual Studio 2012\Projects\openGl\Debug\openGl.pdb
C:\Users\Teo\Documents\Visual Studio 2012\Projects\openGl\Debug\vc110.pdb
